<?xml version="1.0" encoding="UTF-8"?>
<!-- Generated by org.testng.reporters.JUnitReportReporter -->
<testsuite hostname="mandeeps-MacBook-Air.local" failures="0" tests="2" name="testrunners.TestRunner" time="3.737" errors="0" timestamp="2024-10-14T14:40:20 IST" skipped="0">
  <testcase classname="testrunners.TestRunner" name="runScenario" time="2.174"/>
  <testcase classname="testrunners.TestRunner" name="runScenario" time="1.563"/>
</testsuite> <!-- testrunners.TestRunner -->
